[www.dstore.pro/index.html]
[backblue.gif]
[fade.gif]
[index.html]
[cdnjs.cloudflare.com/ajax/libs/font-awesome/6.4.0/css/all.min.css]
[www.dstore.pro/assets/images/logo.jpg]
[www.dstore.pro/index-2.html]
[www.dstore.pro/products.html]
[www.dstore.pro/posts.html]
[www.dstore.pro/index.html]
[cdnjs.cloudflare.com/ajax/libs/font-awesome/6.4.0/css/all.min.css]
[www.dstore.pro/index-2.html]
[www.dstore.pro/admin/login.html]
[www.dstore.pro/cart.html]
[www.dstore.pro/products.html]
[www.dstore.pro/add_post.html]
[www.dstore.pro/POST]
[www.dstore.pro/vote_post.json]
[www.dstore.pro/posts.html]
[www.dstore.pro/admin/login.html]
[www.dstore.pro/cart.html]
[www.dstore.pro/add_post.html]
[www.dstore.pro/POST.html]
